
 Dev mode.......... spa
 Pkg quasar........ v1.18.6
 Pkg @quasar/app... v2.2.11
 Debugging......... enabled

 Configured browser support (at least 88.13% of global marketshare):
 Â· Chrome for Android >= 99
 Â· Firefox for Android >= 96
 Â· Android >= 99
 Â· Chrome >= 90
 Â· Edge >= 96
 Â· Firefox >= 89
 Â· IE >= 11
 Â· iOS >= 12.2-12.5
 Â· Opera >= 79
 Â· Safari >= 13.1

 App Â· Reading quasar.conf.js
 App Â· Checking listening address availability (0.0.0.0:8080)...

 App Â· âš ï¸  ï¸ï¸Setting port to closest one available: 8082

 App Â· Transpiling JS (Babel active) - includes IE11 support
 App Â· Chaining SPA Webpack config
 App Â· Generating Webpack entry point
 App Â· Booting up...
 App Â· Compiling SPA...
 App Â· Compiled SPA done in 24244 ms
 DONE  Compiled successfully in 24381ms8:00:41 AM


 N  App dir........... /home/ec2-user/ws/quasar_dashboard
    App URL........... http://localhost:8082
    Dev mode.......... spa
    Pkg quasar........ v1.18.6
    Pkg @quasar/app... v2.2.11
    Transpiled JS..... yes (Babel) - includes IE11 support
  
[34mâ„¹[39m [90mï½¢wdsï½£[39m: Project is running at http://0.0.0.0:8082/
[34mâ„¹[39m [90mï½¢wdsï½£[39m: webpack output is served from 

 Dev mode.......... spa
 Pkg quasar........ v1.18.6
 Pkg @quasar/app... v2.2.11
 Debugging......... enabled

 Configured browser support (at least 88.13% of global marketshare):
 Â· Chrome for Android >= 99
 Â· Firefox for Android >= 96
 Â· Android >= 99
 Â· Chrome >= 90
 Â· Edge >= 96
 Â· Firefox >= 89
 Â· IE >= 11
 Â· iOS >= 12.2-12.5
 Â· Opera >= 79
 Â· Safari >= 13.1

 App Â· Reading quasar.conf.js
 App Â· Checking listening address availability (0.0.0.0:8080)...

 App Â· âš ï¸  ï¸ï¸Setting port to closest one available: 8082

 App Â· Transpiling JS (Babel active) - includes IE11 support
 App Â· Chaining SPA Webpack config
 App Â· Generating Webpack entry point
 App Â· Booting up...
 App Â· Compiling SPA...
